farzad entered the system at April 15, 2020 12:32:32
navid entered the system at April 15, 2020 12:52:29
farzad entered the system at April 15, 2020 12:53:06
navid entered the system at April 15, 2020 21:13:20
navid made I:\CEUT\Projects\CN\socket-programming\server/test directory at April 15, 2020 21:14:45
navid entered the system at April 15, 2020 21:23:27
navid made I:\CEUT\Projects\CN\socket-programming\server\test2 directory at April 15, 2020 21:23:39
navid entered the system at April 15, 2020 21:24:37
navid made test.txt file at I:\CEUT\Projects\CN\socket-programming\server\testApril 15, 2020 21:25:17
navid entered the system at April 15, 2020 21:28:18
navid entered the system at April 15, 2020 21:29:59
navid entered the system at April 15, 2020 21:31:24
navid made test2.txt file at I:\CEUT\Projects\CN\socket-programming\server\testApril 15, 2020 21:32:01
navid entered the system at April 15, 2020 21:45:31
navid entered the system at April 15, 2020 21:54:10
navid deleted I:\CEUT\Projects\CN\socket-programming\server\test\test2.txt file at April 15, 2020 21:56:49
navid entered the system at April 15, 2020 22:01:17
navid deleted I:\CEUT\Projects\CN\socket-programming\server\test directory at April 15, 2020 22:02:39
navid made I:\CEUT\Projects\CN\socket-programming\server\test2.txt file at I:\CEUT\Projects\CN\socket-programming\serverApril 15, 2020 22:02:56
navid downloaded test2.txt file at April 15, 2020 22:03:03
An alert mail sent to navidApril 15, 2020 22:03:17
navid entered the system at April 15, 2020 22:05:21
navid entered the system at April 15, 2020 22:06:34
navid downloaded test2.txt file at April 15, 2020 22:06:59
An alert mail sent to navidApril 15, 2020 22:07:10
navid entered the system at April 15, 2020 22:09:27
navid downloaded test2.txt file at April 15, 2020 22:09:31
An alert mail sent to navidApril 15, 2020 22:09:41
navid entered the system at April 15, 2020 22:11:13
navid downloaded test.txt file at April 15, 2020 22:11:19
An alert mail sent to navidApril 15, 2020 22:11:32
navid entered the system at April 15, 2020 22:12:59
navid entered the system at April 15, 2020 22:14:35
navid entered the system at April 15, 2020 22:17:28
navid downloaded test.txt file at April 15, 2020 22:17:34
An alert mail sent to navidApril 15, 2020 22:17:46
navid entered the system at April 15, 2020 22:22:16
navid entered the system at April 15, 2020 22:24:09
navid entered the system at April 15, 2020 22:27:38
navid entered the system at April 15, 2020 22:34:14
An alert mail sent to navidApril 15, 2020 22:37:03
navid entered the system at April 15, 2020 22:37:03
An alert mail sent to navidApril 15, 2020 22:38:27
navid downloaded test2.txt file at April 15, 2020 22:38:27
An alert mail sent to navidApril 15, 2020 22:38:39
navid entered the system at April 15, 2020 22:40:02
navid downloaded test2.txt file at April 15, 2020 22:40:07
An alert mail sent to navidApril 15, 2020 22:40:19
navid downloaded test2.txt file at April 15, 2020 22:41:13
An alert mail sent to navidApril 15, 2020 22:41:25
navid downloaded test2.txt file at April 15, 2020 22:41:25
navid entered the system at April 15, 2020 22:42:12
navid downloaded test2.txt file at April 15, 2020 22:42:15
An alert mail sent to navidApril 15, 2020 22:42:28
navid entered the system at April 15, 2020 22:48:57
navid downloaded test2.txt file at April 15, 2020 22:49:01
An alert mail sent to navidApril 15, 2020 22:49:12
navid entered the system at April 15, 2020 22:54:49
navid downloaded test2.txt file at April 15, 2020 22:54:53
An alert mail sent to navidApril 15, 2020 22:55:05
navid entered the system at April 15, 2020 22:59:08
navid downloaded test2.txt file at April 15, 2020 22:59:30
An alert mail sent to navidApril 15, 2020 22:59:43
navid entered the system at April 15, 2020 23:03:19
navid downloaded test2.txt file at April 15, 2020 23:03:25
An alert mail sent to navidApril 15, 2020 23:03:38
navid entered the system at April 15, 2020 23:05:18
navid downloaded test2.txt file at April 15, 2020 23:05:25
An alert mail sent to navidApril 15, 2020 23:05:38
navid entered the system at April 15, 2020 23:06:48
navid downloaded test2.txt file at April 15, 2020 23:06:56
An alert mail sent to navidApril 15, 2020 23:07:08
navid entered the system at April 15, 2020 23:08:19
An alert mail sent to navidApril 15, 2020 23:08:37
navid downloaded test.txt file at April 15, 2020 23:08:56
An alert mail sent to navidApril 15, 2020 23:09:08
An alert mail sent to navidApril 15, 2020 23:09:38
navid entered the system at April 15, 2020 23:10:50
navid downloaded test2.txt file at April 15, 2020 23:11:00
An alert mail sent to navidApril 15, 2020 23:11:13
navid entered the system at April 15, 2020 23:11:23
navid downloaded test2.txt file at April 15, 2020 23:11:32
An alert mail sent to navidApril 15, 2020 23:11:44
navid entered the system at April 15, 2020 23:12:05
navid downloaded test.txt file at April 15, 2020 23:12:51
An alert mail sent to navidApril 15, 2020 23:13:03
navid entered the system at April 15, 2020 23:14:59
navid downloaded test2.txt file at April 15, 2020 23:15:05
An alert mail sent to navidApril 15, 2020 23:15:18
navid entered the system at April 15, 2020 23:16:29
navid entered the system at April 15, 2020 23:17:16
navid downloaded test2.txt file at April 15, 2020 23:17:20
An alert mail sent to navidApril 15, 2020 23:17:32
navid downloaded test2.txt file at April 15, 2020 23:17:50
An alert mail sent to navidApril 15, 2020 23:18:02
navid entered the system at April 15, 2020 23:20:57
navid downloaded test2.txt file at April 15, 2020 23:21:13
An alert mail sent to navidApril 15, 2020 23:23:21
farzad entered the system at April 15, 2020 23:25:20
navid quit the system at April 15, 2020 23:25:45
navid entered the system at April 15, 2020 23:27:45
navid quit the system at April 15, 2020 23:27:49
navid entered the system at April 15, 2020 23:32:44
navid downloaded test2.txt file at April 15, 2020 23:32:58
An alert mail sent to navidApril 15, 2020 23:33:09
navid entered the system at April 15, 2020 23:35:34
navid downloaded test2.txt file at April 15, 2020 23:35:37
An alert mail sent to navidApril 15, 2020 23:35:49
navid entered the system at April 15, 2020 23:38:02
navid downloaded test2.txt file at April 15, 2020 23:38:05
An alert mail sent to navidApril 15, 2020 23:38:18
navid entered the system at April 15, 2020 23:41:12
navid downloaded test2.txt file at April 15, 2020 23:41:16
An alert mail sent to navidApril 15, 2020 23:41:29
navid entered the system at April 15, 2020 23:43:53
navid downloaded test.txt file at April 15, 2020 23:43:59
An alert mail sent to navidApril 15, 2020 23:44:10
navid downloaded test.txt file at April 15, 2020 23:59:11
An alert mail sent to navidApril 15, 2020 23:59:24
navid entered the system at April 16, 2020 22:40:06
farzad entered the system at April 16, 2020 22:40:50
navid made /Users/zahra/Desktop/zahra/university/term6/شبکه/CA1/socket-programming/server\zahra.txt file at April 16, 2020 22:41:19
navid entered the system at April 16, 2020 22:46:45
navid made zahra.txt file at April 16, 2020 22:47:07
navid made /Users/zahra/Desktop/zahra/university/term6/شبکه/CA1/socket-programming/server/zahra directory at April 16, 2020 22:47:34
navid deleted zahra.txt file at April 16, 2020 22:49:46
navid deleted /Users/zahra/Desktop/zahra/university/term6/شبکه/CA1/socket-programming/server/zahra directory at April 16, 2020 22:50:13
navid entered the system at April 16, 2020 22:53:51
An alert mail sent to navidApril 16, 2020 22:55:25
navid entered the system at April 16, 2020 22:57:27
navid downloaded config.json file at April 16, 2020 22:57:37
navid entered the system at April 16, 2020 23:08:33
navid entered the system at April 16, 2020 23:16:02
navid entered the system at April 16, 2020 23:18:41
navid entered the system at April 16, 2020 23:25:28
navid downloaded config.json file at April 16, 2020 23:25:39
navid downloaded ./config.json file at April 16, 2020 23:25:49
navid downloaded ./config.json file at April 16, 2020 23:27:06
navid entered the system at April 16, 2020 23:28:28
navid downloaded server.py file at April 16, 2020 23:28:52
navid entered the system at April 16, 2020 23:30:03
navid entered the system at April 16, 2020 23:31:44
navid entered the system at April 16, 2020 23:34:23
navid entered the system at April 16, 2020 23:36:15
navid downloaded cd file at April 16, 2020 23:38:15
navid made /Users/zahra/Desktop/zahra/university/term6/شبکه/CA1/socket-programming/client/ldf directory at April 16, 2020 23:39:23
navid deleted /Users/zahra/Desktop/zahra/university/term6/شبکه/CA1/socket-programming/client/ldf directory at April 16, 2020 23:39:34
farzad entered the system at April 16, 2020 23:40:09
farzad downloaded config.json file at April 16, 2020 23:40:18
navid entered the system at April 17, 2020 00:55:23
navid made /Users/zahra/Desktop/zahra/university/term6/شبکه/CA1/socket-programming/server/z directory at April 17, 2020 00:55:29
navid made a file at April 17, 2020 00:55:54
navid entered the system at April 17, 2020 00:58:31
navid made a file at April 17, 2020 00:58:45
navid deleted a file at April 17, 2020 00:58:58
navid deleted /Users/zahra/Desktop/zahra/university/term6/شبکه/CA1/socket-programming/server/z directory at April 17, 2020 00:59:21
navid deleted a file at April 17, 2020 00:59:25
navid made z file at April 17, 2020 01:09:31
navid deleted client/z file at April 17, 2020 01:10:00
navid entered the system at April 17, 2020 01:23:02
navid entered the system at April 17, 2020 01:25:23
navid entered the system at April 17, 2020 01:29:55
navid downloaded server/server.py file at April 17, 2020 01:30:07
navid entered the system at April 17, 2020 01:33:21
navid made /Users/zahra/Desktop/zahra/university/term6/شبکه/CA1/socket-programming/server/a directory at April 17, 2020 01:33:52
navid made b file at April 17, 2020 01:33:58
navid made /Users/zahra/Desktop/zahra/university/term6/شبکه/CA1/socket-programming/d directory at April 17, 2020 01:34:06
navid made f file at April 17, 2020 01:34:12
navid deleted /Users/zahra/Desktop/zahra/university/term6/شبکه/CA1/socket-programming/server/a directory at April 17, 2020 01:34:56
navid deleted b file at April 17, 2020 01:35:00
navid deleted f file at April 17, 2020 01:35:19
navid deleted /Users/zahra/Desktop/zahra/university/term6/شبکه/CA1/socket-programming/d directory at April 17, 2020 01:35:29
navid downloaded server.py file at April 17, 2020 01:36:18
navid downloaded README.md file at April 17, 2020 01:36:41
navid quit the system at April 17, 2020 01:37:49
farzad entered the system at April 17, 2020 01:38:02
farzad entered the system at April 17, 2020 01:40:01
farzad downloaded server.py file at April 17, 2020 01:40:41
